# JRE version: OpenJDK Runtime Environment Temurin-21.0.6+7 (21.0.6+7) (build 21.0.6+7-LTS)
# Java VM: OpenJDK 64-Bit Server VM Temurin-21.0.6+7 (21.0.6+7-LTS, mixed mode, sharing, tiered, compressed oops, compressed class ptrs, parallel gc, windows-amd64)
GC Precious Log:
 CardTable entry size: 512
 CPUs: 12 total, 12 available
 Memory: 7520M
 Large Page Support: Disabled
 NUMA Support: Disabled
 Compressed Oops: Enabled (32-bit)
 Alignments: Space 512K, Generation 512K, Heap 2M
 Heap Min Capacity: 100M
 Heap Initial Capacity: 100M
 Heap Max Capacity: 1G
 Pre-touch: Disabled
 Parallel Workers: 10
Heap:
 PSYoungGen      total 3584K, used 2222K [0x00000000eab00000, 0x00000000eb100000, 0x0000000100000000)
  eden space 1536K, 36% used [0x00000000eab00000,0x00000000eab8ba18,0x00000000eac80000)
  from space 2048K, 81% used [0x00000000eae80000,0x00000000eb020000,0x00000000eb080000)
  to   space 2048K, 0% used [0x00000000eac80000,0x00000000eac80000,0x00000000eae80000)
 ParOldGen       total 693248K, used 692824K [0x00000000c0000000, 0x00000000ea500000, 0x00000000eab00000)
  object space 693248K, 99% used [0x00000000c0000000,0x00000000ea496198,0x00000000ea500000)
 Metaspace       used 78614K, committed 80320K, reserved 1179648K
  class space    used 8424K, committed 9152K, reserved 1048576K
GC Heap History (20 events):
Event: 2316.725 GC heap before
{Heap before GC invocations=2536 (full 3):
 PSYoungGen      total 2560K, used 2208K [0x00000000eab00000, 0x00000000eaf00000, 0x0000000100000000)
  eden space 1024K, 100% used [0x00000000eab00000,0x00000000eac00000,0x00000000eac00000)
  from space 1536K, 77% used [0x00000000eac00000,0x00000000ead28000,0x00000000ead80000)
  to   space 1536K, 0% used [0x00000000ead80000,0x00000000ead80000,0x00000000eaf00000)
 ParOldGen       total 681984K, used 681494K [0x00000000c0000000, 0x00000000e9a00000, 0x00000000eab00000)
  object space 681984K, 99% used [0x00000000c0000000,0x00000000e9985ac8,0x00000000e9a00000)
 Metaspace       used 78378K, committed 80192K, reserved 1179648K
  class space    used 8411K, committed 9152K, reserved 1048576K
}
Event: 2316.728 GC heap after
{Heap after GC invocations=2536 (full 3):
 PSYoungGen      total 2560K, used 1152K [0x00000000eab00000, 0x00000000eaf80000, 0x0000000100000000)
  eden space 1024K, 0% used [0x00000000eab00000,0x00000000eab00000,0x00000000eac00000)
  from space 1536K, 75% used [0x00000000ead80000,0x00000000eaea0000,0x00000000eaf00000)
  to   space 1536K, 0% used [0x00000000eac00000,0x00000000eac00000,0x00000000ead80000)
 ParOldGen       total 683008K, used 682534K [0x00000000c0000000, 0x00000000e9b00000, 0x00000000eab00000)
  object space 683008K, 99% used [0x00000000c0000000,0x00000000e9a89ac8,0x00000000e9b00000)
 Metaspace       used 78378K, committed 80192K, reserved 1179648K
  class space    used 8411K, committed 9152K, reserved 1048576K
}
Event: 2316.737 GC heap before
{Heap before GC invocations=2537 (full 3):
 PSYoungGen      total 2560K, used 2168K [0x00000000eab00000, 0x00000000eaf80000, 0x0000000100000000)
  eden space 1024K, 99% used [0x00000000eab00000,0x00000000eabfe3e0,0x00000000eac00000)
  from space 1536K, 75% used [0x00000000ead80000,0x00000000eaea0000,0x00000000eaf00000)
  to   space 1536K, 0% used [0x00000000eac00000,0x00000000eac00000,0x00000000ead80000)
 ParOldGen       total 683008K, used 682534K [0x00000000c0000000, 0x00000000e9b00000, 0x00000000eab00000)
  object space 683008K, 99% used [0x00000000c0000000,0x00000000e9a89ac8,0x00000000e9b00000)
 Metaspace       used 78378K, committed 80192K, reserved 1179648K
  class space    used 8411K, committed 9152K, reserved 1048576K
}
Event: 2316.739 GC heap after
{Heap after GC invocations=2537 (full 3):
 PSYoungGen      total 2560K, used 1152K [0x00000000eab00000, 0x00000000eaf80000, 0x0000000100000000)
  eden space 1024K, 0% used [0x00000000eab00000,0x00000000eab00000,0x00000000eac00000)
  from space 1536K, 75% used [0x00000000eac00000,0x00000000ead20000,0x00000000ead80000)
  to   space 1536K, 0% used [0x00000000eae00000,0x00000000eae00000,0x00000000eaf80000)
 ParOldGen       total 684032K, used 683590K [0x00000000c0000000, 0x00000000e9c00000, 0x00000000eab00000)
  object space 684032K, 99% used [0x00000000c0000000,0x00000000e9b91ac8,0x00000000e9c00000)
 Metaspace       used 78378K, committed 80192K, reserved 1179648K
  class space    used 8411K, committed 9152K, reserved 1048576K
}
Event: 2316.751 GC heap before
{Heap before GC invocations=2538 (full 3):
 PSYoungGen      total 2560K, used 2176K [0x00000000eab00000, 0x00000000eaf80000, 0x0000000100000000)
  eden space 1024K, 100% used [0x00000000eab00000,0x00000000eac00000,0x00000000eac00000)
  from space 1536K, 75% used [0x00000000eac00000,0x00000000ead20000,0x00000000ead80000)
  to   space 1536K, 0% used [0x00000000eae00000,0x00000000eae00000,0x00000000eaf80000)
 ParOldGen       total 684032K, used 683590K [0x00000000c0000000, 0x00000000e9c00000, 0x00000000eab00000)
  object space 684032K, 99% used [0x00000000c0000000,0x00000000e9b91ac8,0x00000000e9c00000)
 Metaspace       used 78378K, committed 80192K, reserved 1179648K
  class space    used 8411K, committed 9152K, reserved 1048576K
}
Event: 2316.754 GC heap after
{Heap after GC invocations=2538 (full 3):
 PSYoungGen      total 2560K, used 880K [0x00000000eab00000, 0x00000000eaf00000, 0x0000000100000000)
  eden space 1536K, 0% used [0x00000000eab00000,0x00000000eab00000,0x00000000eac80000)
  from space 1024K, 85% used [0x00000000eae00000,0x00000000eaedc000,0x00000000eaf00000)
  to   space 1024K, 0% used [0x00000000ead00000,0x00000000ead00000,0x00000000eae00000)
 ParOldGen       total 685056K, used 684582K [0x00000000c0000000, 0x00000000e9d00000, 0x00000000eab00000)
  object space 685056K, 99% used [0x00000000c0000000,0x00000000e9c89ac8,0x00000000e9d00000)
 Metaspace       used 78378K, committed 80192K, reserved 1179648K
  class space    used 8411K, committed 9152K, reserved 1048576K
}
Event: 2316.773 GC heap before
{Heap before GC invocations=2539 (full 3):
 PSYoungGen      total 2560K, used 2332K [0x00000000eab00000, 0x00000000eaf00000, 0x0000000100000000)
  eden space 1536K, 94% used [0x00000000eab00000,0x00000000eac6b048,0x00000000eac80000)
  from space 1024K, 85% used [0x00000000eae00000,0x00000000eaedc000,0x00000000eaf00000)
  to   space 1024K, 0% used [0x00000000ead00000,0x00000000ead00000,0x00000000eae00000)
 ParOldGen       total 685056K, used 684582K [0x00000000c0000000, 0x00000000e9d00000, 0x00000000eab00000)
  object space 685056K, 99% used [0x00000000c0000000,0x00000000e9c89ac8,0x00000000e9d00000)
 Metaspace       used 78378K, committed 80192K, reserved 1179648K
  class space    used 8411K, committed 9152K, reserved 1048576K
}
Event: 2316.777 GC heap after
{Heap after GC invocations=2539 (full 3):
 PSYoungGen      total 2560K, used 1024K [0x00000000eab00000, 0x00000000eb080000, 0x0000000100000000)
  eden space 1536K, 0% used [0x00000000eab00000,0x00000000eab00000,0x00000000eac80000)
  from space 1024K, 100% used [0x00000000ead00000,0x00000000eae00000,0x00000000eae00000)
  to   space 2048K, 0% used [0x00000000eae80000,0x00000000eae80000,0x00000000eb080000)
 ParOldGen       total 685568K, used 685406K [0x00000000c0000000, 0x00000000e9d80000, 0x00000000eab00000)
  object space 685568K, 99% used [0x00000000c0000000,0x00000000e9d57ac8,0x00000000e9d80000)
 Metaspace       used 78378K, committed 80192K, reserved 1179648K
  class space    used 8411K, committed 9152K, reserved 1048576K
}
Event: 2334.028 GC heap before
{Heap before GC invocations=2540 (full 3):
 PSYoungGen      total 2560K, used 2559K [0x00000000eab00000, 0x00000000eb080000, 0x0000000100000000)
  eden space 1536K, 99% used [0x00000000eab00000,0x00000000eac7fff8,0x00000000eac80000)
  from space 1024K, 100% used [0x00000000ead00000,0x00000000eae00000,0x00000000eae00000)
  to   space 2048K, 0% used [0x00000000eae80000,0x00000000eae80000,0x00000000eb080000)
 ParOldGen       total 685568K, used 685406K [0x00000000c0000000, 0x00000000e9d80000, 0x00000000eab00000)
  object space 685568K, 99% used [0x00000000c0000000,0x00000000e9d57ac8,0x00000000e9d80000)
 Metaspace       used 78380K, committed 80192K, reserved 1179648K
  class space    used 8411K, committed 9152K, reserved 1048576K
}
Event: 2334.778 GC heap after
{Heap after GC invocations=2540 (full 3):
 PSYoungGen      total 3584K, used 1632K [0x00000000eab00000, 0x00000000eb080000, 0x0000000100000000)
  eden space 1536K, 0% used [0x00000000eab00000,0x00000000eab00000,0x00000000eac80000)
  from space 2048K, 79% used [0x00000000eae80000,0x00000000eb018000,0x00000000eb080000)
  to   space 2048K, 0% used [0x00000000eac80000,0x00000000eac80000,0x00000000eae80000)
 ParOldGen       total 686080K, used 685806K [0x00000000c0000000, 0x00000000e9e00000, 0x00000000eab00000)
  object space 686080K, 99% used [0x00000000c0000000,0x00000000e9dbbac8,0x00000000e9e00000)
 Metaspace       used 78380K, committed 80192K, reserved 1179648K
  class space    used 8411K, committed 9152K, reserved 1048576K
}
Event: 2727.224 GC heap before
{Heap before GC invocations=2541 (full 3):
 PSYoungGen      total 3584K, used 3168K [0x00000000eab00000, 0x00000000eb080000, 0x0000000100000000)
  eden space 1536K, 100% used [0x00000000eab00000,0x00000000eac80000,0x00000000eac80000)
  from space 2048K, 79% used [0x00000000eae80000,0x00000000eb018000,0x00000000eb080000)
  to   space 2048K, 0% used [0x00000000eac80000,0x00000000eac80000,0x00000000eae80000)
 ParOldGen       total 686080K, used 685806K [0x00000000c0000000, 0x00000000e9e00000, 0x00000000eab00000)
  object space 686080K, 99% used [0x00000000c0000000,0x00000000e9dbbac8,0x00000000e9e00000)
 Metaspace       used 78408K, committed 80192K, reserved 1179648K
  class space    used 8411K, committed 9152K, reserved 1048576K
}
Event: 2727.447 GC heap after
{Heap after GC invocations=2541 (full 3):
 PSYoungGen      total 2048K, used 320K [0x00000000eab00000, 0x00000000eaf00000, 0x0000000100000000)
  eden space 1536K, 0% used [0x00000000eab00000,0x00000000eab00000,0x00000000eac80000)
  from space 512K, 62% used [0x00000000eac80000,0x00000000eacd0000,0x00000000ead00000)
  to   space 1024K, 0% used [0x00000000eae00000,0x00000000eae00000,0x00000000eaf00000)
 ParOldGen       total 688128K, used 687302K [0x00000000c0000000, 0x00000000ea000000, 0x00000000eab00000)
  object space 688128K, 99% used [0x00000000c0000000,0x00000000e9f31ac8,0x00000000ea000000)
 Metaspace       used 78408K, committed 80192K, reserved 1179648K
  class space    used 8411K, committed 9152K, reserved 1048576K
}
Event: 2932.448 GC heap before
{Heap before GC invocations=2542 (full 3):
 PSYoungGen      total 2048K, used 1856K [0x00000000eab00000, 0x00000000eaf00000, 0x0000000100000000)
  eden space 1536K, 100% used [0x00000000eab00000,0x00000000eac80000,0x00000000eac80000)
  from space 512K, 62% used [0x00000000eac80000,0x00000000eacd0000,0x00000000ead00000)
  to   space 1024K, 0% used [0x00000000eae00000,0x00000000eae00000,0x00000000eaf00000)
 ParOldGen       total 688128K, used 687302K [0x00000000c0000000, 0x00000000ea000000, 0x00000000eab00000)
  object space 688128K, 99% used [0x00000000c0000000,0x00000000e9f31ac8,0x00000000ea000000)
 Metaspace       used 78500K, committed 80256K, reserved 1179648K
  class space    used 8411K, committed 9152K, reserved 1048576K
}
Event: 2932.760 GC heap after
{Heap after GC invocations=2542 (full 3):
 PSYoungGen      total 2048K, used 288K [0x00000000eab00000, 0x00000000eae80000, 0x0000000100000000)
  eden space 1536K, 0% used [0x00000000eab00000,0x00000000eab00000,0x00000000eac80000)
  from space 512K, 56% used [0x00000000eae00000,0x00000000eae48000,0x00000000eae80000)
  to   space 512K, 0% used [0x00000000eac80000,0x00000000eac80000,0x00000000ead00000)
 ParOldGen       total 688128K, used 687350K [0x00000000c0000000, 0x00000000ea000000, 0x00000000eab00000)
  object space 688128K, 99% used [0x00000000c0000000,0x00000000e9f3dac8,0x00000000ea000000)
 Metaspace       used 78500K, committed 80256K, reserved 1179648K
  class space    used 8411K, committed 9152K, reserved 1048576K
}
Event: 2982.668 GC heap before
{Heap before GC invocations=2543 (full 3):
 PSYoungGen      total 2048K, used 1824K [0x00000000eab00000, 0x00000000eae80000, 0x0000000100000000)
  eden space 1536K, 100% used [0x00000000eab00000,0x00000000eac80000,0x00000000eac80000)
  from space 512K, 56% used [0x00000000eae00000,0x00000000eae48000,0x00000000eae80000)
  to   space 512K, 0% used [0x00000000eac80000,0x00000000eac80000,0x00000000ead00000)
 ParOldGen       total 688128K, used 687350K [0x00000000c0000000, 0x00000000ea000000, 0x00000000eab00000)
  object space 688128K, 99% used [0x00000000c0000000,0x00000000e9f3dac8,0x00000000ea000000)
 Metaspace       used 78535K, committed 80320K, reserved 1179648K
  class space    used 8411K, committed 9152K, reserved 1048576K
}
Event: 2982.712 GC heap after
{Heap after GC invocations=2543 (full 3):
 PSYoungGen      total 2048K, used 224K [0x00000000eab00000, 0x00000000eae80000, 0x0000000100000000)
  eden space 1536K, 0% used [0x00000000eab00000,0x00000000eab00000,0x00000000eac80000)
  from space 512K, 43% used [0x00000000eac80000,0x00000000eacb8000,0x00000000ead00000)
  to   space 512K, 0% used [0x00000000eae00000,0x00000000eae00000,0x00000000eae80000)
 ParOldGen       total 688128K, used 687374K [0x00000000c0000000, 0x00000000ea000000, 0x00000000eab00000)
  object space 688128K, 99% used [0x00000000c0000000,0x00000000e9f43ac8,0x00000000ea000000)
 Metaspace       used 78535K, committed 80320K, reserved 1179648K
  class space    used 8411K, committed 9152K, reserved 1048576K
}
Event: 3290.243 GC heap before
{Heap before GC invocations=2544 (full 3):
 PSYoungGen      total 2048K, used 1760K [0x00000000eab00000, 0x00000000eae80000, 0x0000000100000000)
  eden space 1536K, 100% used [0x00000000eab00000,0x00000000eac80000,0x00000000eac80000)
  from space 512K, 43% used [0x00000000eac80000,0x00000000eacb8000,0x00000000ead00000)
  to   space 512K, 0% used [0x00000000eae00000,0x00000000eae00000,0x00000000eae80000)
 ParOldGen       total 688128K, used 687374K [0x00000000c0000000, 0x00000000ea000000, 0x00000000eab00000)
  object space 688128K, 99% used [0x00000000c0000000,0x00000000e9f43ac8,0x00000000ea000000)
 Metaspace       used 78550K, committed 80320K, reserved 1179648K
  class space    used 8412K, committed 9152K, reserved 1048576K
}
Event: 3290.476 GC heap after
{Heap after GC invocations=2544 (full 3):
 PSYoungGen      total 2048K, used 256K [0x00000000eab00000, 0x00000000eae80000, 0x0000000100000000)
  eden space 1536K, 0% used [0x00000000eab00000,0x00000000eab00000,0x00000000eac80000)
  from space 512K, 50% used [0x00000000eae00000,0x00000000eae40000,0x00000000eae80000)
  to   space 512K, 0% used [0x00000000eac80000,0x00000000eac80000,0x00000000ead00000)
 ParOldGen       total 688128K, used 687390K [0x00000000c0000000, 0x00000000ea000000, 0x00000000eab00000)
  object space 688128K, 99% used [0x00000000c0000000,0x00000000e9f47ac8,0x00000000ea000000)
 Metaspace       used 78550K, committed 80320K, reserved 1179648K
  class space    used 8412K, committed 9152K, reserved 1048576K
}
Event: 3641.052 GC heap before
{Heap before GC invocations=2545 (full 3):
 PSYoungGen      total 2048K, used 1792K [0x00000000eab00000, 0x00000000eae80000, 0x0000000100000000)
  eden space 1536K, 100% used [0x00000000eab00000,0x00000000eac80000,0x00000000eac80000)
  from space 512K, 50% used [0x00000000eae00000,0x00000000eae40000,0x00000000eae80000)
  to   space 512K, 0% used [0x00000000eac80000,0x00000000eac80000,0x00000000ead00000)
 ParOldGen       total 688128K, used 687390K [0x00000000c0000000, 0x00000000ea000000, 0x00000000eab00000)
  object space 688128K, 99% used [0x00000000c0000000,0x00000000e9f47ac8,0x00000000ea000000)
 Metaspace       used 78604K, committed 80320K, reserved 1179648K
  class space    used 8423K, committed 9152K, reserved 1048576K
}
Event: 3641.304 GC heap after
{Heap after GC invocations=2545 (full 3):
 PSYoungGen      total 2048K, used 256K [0x00000000eab00000, 0x00000000eae80000, 0x0000000100000000)
  eden space 1536K, 0% used [0x00000000eab00000,0x00000000eab00000,0x00000000eac80000)
  from space 512K, 50% used [0x00000000eac80000,0x00000000eacc0000,0x00000000ead00000)
  to   space 512K, 0% used [0x00000000eae00000,0x00000000eae00000,0x00000000eae80000)
 ParOldGen       total 688128K, used 687430K [0x00000000c0000000, 0x00000000ea000000, 0x00000000eab00000)
  object space 688128K, 99% used [0x00000000c0000000,0x00000000e9f51ac8,0x00000000ea000000)
 Metaspace       used 78604K, committed 80320K, reserved 1179648K
  class space    used 8423K, committed 9152K, reserved 1048576K
}

